<?xml version="1.0" encoding="UTF-8"?>
<testsuite name="com.hermes.drive.session.ChatSessionTest" tests="4" skipped="0" failures="0" errors="0" timestamp="2026-07-15T11:49:24" hostname="hermes-server" time="0.029">
  <properties/>
  <testcase name="pruneKeepsOnlyLastNMessages" classname="com.hermes.drive.session.ChatSessionTest" time="0.014"/>
  <testcase name="addUserAndAssistant" classname="com.hermes.drive.session.ChatSessionTest" time="0.011"/>
  <testcase name="clearEmptiesHistory" classname="com.hermes.drive.session.ChatSessionTest" time="0.001"/>
  <testcase name="updateLastAssistantStreamsPartialText" classname="com.hermes.drive.session.ChatSessionTest" time="0.0"/>
  <system-out><![CDATA[]]></system-out>
  <system-err><![CDATA[]]></system-err>
</testsuite>
